<?xml version="1.0" encoding="UTF-8"?>
<testng-results skipped="0" failed="0" ignored="0" total="2" passed="2">
  <reporter-output>
  </reporter-output>
  <suite name="Suite" duration-ms="140353" started-at="2019-12-26T10:19:39Z" finished-at="2019-12-26T10:22:00Z">
    <groups>
    </groups>
    <test name="LendIn_SignIn" duration-ms="52774" started-at="2019-12-26T10:19:39Z" finished-at="2019-12-26T10:20:32Z">
      <class name="com.TestScript.File.LendIn_SignIn">
        <test-method status="PASS" signature="LaunchLandInCheckApp()[pri:0, instance:com.TestScript.File.LendIn_SignIn@58c1c010]" name="LaunchLandInCheckApp" is-config="true" duration-ms="33421" started-at="2019-12-26T10:19:40Z" finished-at="2019-12-26T10:20:13Z">
          <reporter-output>
          </reporter-output>
        </test-method> <!-- LaunchLandInCheckApp -->
        <test-method status="PASS" signature="SignInLandInCheck()[pri:0, instance:com.TestScript.File.LendIn_SignIn@58c1c010]" name="SignInLandInCheck" duration-ms="16270" started-at="2019-12-26T10:20:13Z" finished-at="2019-12-26T10:20:29Z">
          <reporter-output>
          </reporter-output>
        </test-method> <!-- SignInLandInCheck -->
        <test-method status="PASS" signature="closeBrowser()[pri:0, instance:com.TestScript.File.LendIn_SignIn@58c1c010]" name="closeBrowser" is-config="true" duration-ms="2966" started-at="2019-12-26T10:20:29Z" finished-at="2019-12-26T10:20:32Z">
          <reporter-output>
          </reporter-output>
        </test-method> <!-- closeBrowser -->
      </class> <!-- com.TestScript.File.LendIn_SignIn -->
    </test> <!-- LendIn_SignIn -->
    <test name="LendIn_MerchantApplicationList" duration-ms="87465" started-at="2019-12-26T10:20:32Z" finished-at="2019-12-26T10:22:00Z">
      <class name="com.TestScript.File.LendIn_MerchantApplicationList">
        <test-method status="PASS" signature="LaunchLandInCheckApp()[pri:0, instance:com.TestScript.File.LendIn_MerchantApplicationList@770c2e6b]" name="LaunchLandInCheckApp" is-config="true" duration-ms="29616" started-at="2019-12-26T10:20:32Z" finished-at="2019-12-26T10:21:02Z">
          <reporter-output>
          </reporter-output>
        </test-method> <!-- LaunchLandInCheckApp -->
        <test-method status="PASS" signature="SignInLandInCheck()[pri:0, instance:com.TestScript.File.LendIn_MerchantApplicationList@770c2e6b]" name="SignInLandInCheck" duration-ms="57844" started-at="2019-12-26T10:21:02Z" finished-at="2019-12-26T10:22:00Z">
          <reporter-output>
          </reporter-output>
        </test-method> <!-- SignInLandInCheck -->
        <test-method status="PASS" signature="closeBrowser()[pri:0, instance:com.TestScript.File.LendIn_MerchantApplicationList@770c2e6b]" name="closeBrowser" is-config="true" duration-ms="0" started-at="2019-12-26T10:22:00Z" finished-at="2019-12-26T10:22:00Z">
          <reporter-output>
          </reporter-output>
        </test-method> <!-- closeBrowser -->
      </class> <!-- com.TestScript.File.LendIn_MerchantApplicationList -->
    </test> <!-- LendIn_MerchantApplicationList -->
  </suite> <!-- Suite -->
</testng-results>
