<?xml version="1.0" encoding="UTF-8"?>
<testng-results skipped="0" failed="0" ignored="0" total="1" passed="1">
  <reporter-output>
  </reporter-output>
  <suite name="Default suite" duration-ms="62509" started-at="2019-12-24T10:24:59Z" finished-at="2019-12-24T10:26:02Z">
    <groups>
    </groups>
    <test name="Default test" duration-ms="62509" started-at="2019-12-24T10:24:59Z" finished-at="2019-12-24T10:26:02Z">
      <class name="com.TestScript.File.LandIn_SignIn">
        <test-method status="PASS" signature="LaunchLandInCheckApp()[pri:0, instance:com.TestScript.File.LandIn_SignIn@58c1c010]" name="LaunchLandInCheckApp" is-config="true" duration-ms="56863" started-at="2019-12-24T10:24:59Z" finished-at="2019-12-24T10:25:56Z">
          <reporter-output>
          </reporter-output>
        </test-method> <!-- LaunchLandInCheckApp -->
        <test-method status="PASS" signature="SignInLandInCheck()[pri:0, instance:com.TestScript.File.LandIn_SignIn@58c1c010]" name="SignInLandInCheck" duration-ms="4356" started-at="2019-12-24T10:25:56Z" finished-at="2019-12-24T10:26:00Z">
          <reporter-output>
          </reporter-output>
        </test-method> <!-- SignInLandInCheck -->
        <test-method status="PASS" signature="closeBrowser()[pri:0, instance:com.TestScript.File.LandIn_SignIn@58c1c010]" name="closeBrowser" is-config="true" duration-ms="1256" started-at="2019-12-24T10:26:00Z" finished-at="2019-12-24T10:26:02Z">
          <reporter-output>
          </reporter-output>
        </test-method> <!-- closeBrowser -->
      </class> <!-- com.TestScript.File.LandIn_SignIn -->
    </test> <!-- Default test -->
  </suite> <!-- Default suite -->
</testng-results>
